This is pdfTeX, Version 3.14159265-2.6-1.40.19 (MiKTeX 2.9.6630 64-bit) (preloaded format=pdflatex 2018.4.2)  11 AUG 2018 12:48
entering extended mode
**./main.tex
(main.tex
LaTeX2e <2017-04-15>
Babel <3.18> and hyphenation patterns for 75 language(s) loaded.
(C:\Users\tsgot\AppData\Roaming\MiKTeX\2.9\tex\latex\examdesign\examdesign.cls
File: examdesign.dtx 

Document Class: examdesign 
\c@passes=\count79
("C:\Program Files\MiKTeX 2.9\tex\latex\base\article.cls"
Document Class: article 2014/09/29 v1.4h Standard LaTeX document class
("C:\Program Files\MiKTeX 2.9\tex\latex\base\size10.clo"
File: size10.clo 2014/09/29 v1.4h Standard LaTeX file (size option)
)
\c@part=\count80
\c@section=\count81
\c@subsection=\count82
\c@subsubsection=\count83
\c@paragraph=\count84
\c@subparagraph=\count85
\c@figure=\count86
\c@table=\count87
\abovecaptionskip=\skip41
\belowcaptionskip=\skip42
\bibindent=\dimen102
)
("C:\Program Files\MiKTeX 2.9\tex\latex\tools\enumerate.sty"
Package: enumerate 2015/07/23 v3.00 enumerate extensions (DPC)
\@enLab=\toks14
)
("C:\Program Files\MiKTeX 2.9\tex\latex\tools\multicol.sty"
Package: multicol 2017/04/11 v1.8q multicolumn formatting (FMi)
\c@tracingmulticols=\count88
\mult@box=\box26
\multicol@leftmargin=\dimen103
\c@unbalance=\count89
\c@collectmore=\count90
\doublecol@number=\count91
\multicoltolerance=\count92
\multicolpretolerance=\count93
\full@width=\dimen104
\page@free=\dimen105
\premulticols=\dimen106
\postmulticols=\dimen107
\multicolsep=\skip43
\multicolbaselineskip=\skip44
\partial@page=\box27
\last@line=\box28
\maxbalancingoverflow=\dimen108
\mult@rightbox=\box29
\mult@grightbox=\box30
\mult@gfirstbox=\box31
\mult@firstbox=\box32
\@tempa=\box33
\@tempa=\box34
\@tempa=\box35
\@tempa=\box36
\@tempa=\box37
\@tempa=\box38
\@tempa=\box39
\@tempa=\box40
\@tempa=\box41
\@tempa=\box42
\@tempa=\box43
\@tempa=\box44
\@tempa=\box45
\@tempa=\box46
\@tempa=\box47
\@tempa=\box48
\@tempa=\box49
\c@columnbadness=\count94
\c@finalcolumnbadness=\count95
\last@try=\dimen109
\multicolovershoot=\dimen110
\multicolundershoot=\dimen111
\mult@nat@firstbox=\box50
\colbreak@box=\box51
\mc@col@check@num=\count96
)
("C:\Program Files\MiKTeX 2.9\tex\latex\graphics\keyval.sty"
Package: keyval 2014/10/28 v1.15 key=value parser (DPC)
\KV@toks@=\toks15
)
\randomi=\count97
\ranval=\count98
\UL@box=\box52
\UL@hyphenbox=\box53
\UL@skip=\skip45
\UL@pe=\count99
\UL@pixel=\dimen112
\ULC@box=\box54
\ULdepth=\dimen113
\c@questionnumber=\count100
\c@extract=\count101
\c@question=\count102
\c@length=\count103
\c@temp=\count104
\c@wordtemp=\count105
\c@form=\count106
\c@version=\count107
\c@current@section=\count108
\c@current@question=\count109
\c@innerloop=\count110
\c@sect=\count111
\c@sectionindex=\count112
\c@answer=\count113
\c@choice=\count114
\c@mcquestion=\count115
\c@mcchoice=\count116
\c@savelistcnt=\count117
\blank@length=\skip46
\temp@length=\skip47
\temp@@length=\skip48
\namedata@vspace=\skip49
\beforesectsep=\skip50
\aftersectsep=\skip51
\beforeinstsep=\skip52
\afterinstsep=\skip53
\temptoks=\toks16
\temp@toks=\toks17
\exam@c=\count118
\exam@n=\count119
\exam@m=\count120

Randomizer initialized to 902107089.
\@toklist=\toks18
\c@first=\count121
\c@last=\count122
\c@exam@tf=\count123
)
("C:\Program Files\MiKTeX 2.9\tex\latex\amsmath\amsmath.sty"
Package: amsmath 2017/09/02 v2.17a AMS math features
\@mathmargin=\skip54

For additional information on amsmath, use the `?' option.
("C:\Program Files\MiKTeX 2.9\tex\latex\amsmath\amstext.sty"
Package: amstext 2000/06/29 v2.01 AMS text

("C:\Program Files\MiKTeX 2.9\tex\latex\amsmath\amsgen.sty"
File: amsgen.sty 1999/11/30 v2.0 generic functions
\@emptytoks=\toks19
\ex@=\dimen114
))
("C:\Program Files\MiKTeX 2.9\tex\latex\amsmath\amsbsy.sty"
Package: amsbsy 1999/11/29 v1.2d Bold Symbols
\pmbraise@=\dimen115
)
("C:\Program Files\MiKTeX 2.9\tex\latex\amsmath\amsopn.sty"
Package: amsopn 2016/03/08 v2.02 operator names
)
\inf@bad=\count124
LaTeX Info: Redefining \frac on input line 213.
\uproot@=\count125
\leftroot@=\count126
LaTeX Info: Redefining \overline on input line 375.
\classnum@=\count127
\DOTSCASE@=\count128
LaTeX Info: Redefining \ldots on input line 472.
LaTeX Info: Redefining \dots on input line 475.
LaTeX Info: Redefining \cdots on input line 596.
\Mathstrutbox@=\box55
\strutbox@=\box56
\big@size=\dimen116
LaTeX Font Info:    Redeclaring font encoding OML on input line 712.
LaTeX Font Info:    Redeclaring font encoding OMS on input line 713.
\macc@depth=\count129
\c@MaxMatrixCols=\count130
\dotsspace@=\muskip10
\c@parentequation=\count131
\dspbrk@lvl=\count132
\tag@help=\toks20
\row@=\count133
\column@=\count134
\maxfields@=\count135
\andhelp@=\toks21
\eqnshift@=\dimen117
\alignsep@=\dimen118
\tagshift@=\dimen119
\tagwidth@=\dimen120
\totwidth@=\dimen121
\lineht@=\dimen122
\@envbody=\toks22
\multlinegap=\skip55
\multlinetaggap=\skip56
\mathdisplay@stack=\toks23
LaTeX Info: Redefining \[ on input line 2817.
LaTeX Info: Redefining \] on input line 2818.
)
("C:\Program Files\MiKTeX 2.9\tex\latex\psnfss\pifont.sty"
Package: pifont 2005/04/12 PSNFSS-v9.2a Pi font support (SPQR) 
LaTeX Font Info:    Try loading font information for U+pzd on input line 63.

("C:\Program Files\MiKTeX 2.9\tex\latex\psnfss\upzd.fd"
File: upzd.fd 2001/06/04 font definitions for U/pzd.
)
LaTeX Font Info:    Try loading font information for U+psy on input line 64.

("C:\Program Files\MiKTeX 2.9\tex\latex\psnfss\upsy.fd"
File: upsy.fd 2001/06/04 font definitions for U/psy.
))
("C:\Program Files\MiKTeX 2.9\tex\latex\graphics\graphicx.sty"
Package: graphicx 2017/06/01 v1.1a Enhanced LaTeX Graphics (DPC,SPQR)

("C:\Program Files\MiKTeX 2.9\tex\latex\graphics\graphics.sty"
Package: graphics 2017/06/25 v1.2c Standard LaTeX Graphics (DPC,SPQR)

("C:\Program Files\MiKTeX 2.9\tex\latex\graphics\trig.sty"
Package: trig 2016/01/03 v1.10 sin cos tan (DPC)
)
("C:\Program Files\MiKTeX 2.9\tex\latex\graphics-cfg\graphics.cfg"
File: graphics.cfg 2016/06/04 v1.11 sample graphics configuration
)
Package graphics Info: Driver file: pdftex.def on input line 99.

("C:\Program Files\MiKTeX 2.9\tex\latex\graphics-def\pdftex.def"
File: pdftex.def 2018/01/08 v1.0l Graphics/color driver for pdftex
))
\Gin@req@height=\dimen123
\Gin@req@width=\dimen124
) (main.aux)
\openout1 = `main.aux'.

LaTeX Font Info:    Checking defaults for OML/cmm/m/it on input line 17.
LaTeX Font Info:    ... okay on input line 17.
LaTeX Font Info:    Checking defaults for T1/cmr/m/n on input line 17.
LaTeX Font Info:    ... okay on input line 17.
LaTeX Font Info:    Checking defaults for OT1/cmr/m/n on input line 17.
LaTeX Font Info:    ... okay on input line 17.
LaTeX Font Info:    Checking defaults for OMS/cmsy/m/n on input line 17.
LaTeX Font Info:    ... okay on input line 17.
LaTeX Font Info:    Checking defaults for OMX/cmex/m/n on input line 17.
LaTeX Font Info:    ... okay on input line 17.
LaTeX Font Info:    Checking defaults for U/cmr/m/n on input line 17.
LaTeX Font Info:    ... okay on input line 17.

(C:\Users\tsgot\AppData\Roaming\MiKTeX\2.9\tex\context\base\supp-pdf.mkii
[Loading MPS to PDF converter (version 2006.09.02).]
\scratchcounter=\count136
\scratchdimen=\dimen125
\scratchbox=\box57
\nofMPsegments=\count137
\nofMParguments=\count138
\everyMPshowfont=\toks24
\MPscratchCnt=\count139
\MPscratchDim=\dimen126
\MPnumerator=\count140
\makeMPintoPDFobject=\count141
\everyMPtoPDFconversion=\toks25
) ("C:\Program Files\MiKTeX 2.9\tex\latex\oberdiek\epstopdf-base.sty"
Package: epstopdf-base 2016/05/15 v2.6 Base part for package epstopdf

("C:\Program Files\MiKTeX 2.9\tex\generic\oberdiek\infwarerr.sty"
Package: infwarerr 2016/05/16 v1.4 Providing info/warning/error messages (HO)
)
("C:\Program Files\MiKTeX 2.9\tex\latex\oberdiek\grfext.sty"
Package: grfext 2016/05/16 v1.2 Manage graphics extensions (HO)

("C:\Program Files\MiKTeX 2.9\tex\generic\oberdiek\kvdefinekeys.sty"
Package: kvdefinekeys 2016/05/16 v1.4 Define keys (HO)

("C:\Program Files\MiKTeX 2.9\tex\generic\oberdiek\ltxcmds.sty"
Package: ltxcmds 2016/05/16 v1.23 LaTeX kernel commands for general use (HO)
)))
("C:\Program Files\MiKTeX 2.9\tex\latex\oberdiek\kvoptions.sty"
Package: kvoptions 2016/05/16 v3.12 Key value format for package options (HO)

("C:\Program Files\MiKTeX 2.9\tex\generic\oberdiek\kvsetkeys.sty"
Package: kvsetkeys 2016/05/16 v1.17 Key value parser (HO)

("C:\Program Files\MiKTeX 2.9\tex\generic\oberdiek\etexcmds.sty"
Package: etexcmds 2016/05/16 v1.6 Avoid name clashes with e-TeX commands (HO)

("C:\Program Files\MiKTeX 2.9\tex\generic\oberdiek\ifluatex.sty"
Package: ifluatex 2016/05/16 v1.4 Provides the ifluatex switch (HO)
Package ifluatex Info: LuaTeX not detected.
)
Package etexcmds Info: Could not find \expanded.
(etexcmds)             That can mean that you are not using pdfTeX 1.50 or
(etexcmds)             that some package has redefined \expanded.
(etexcmds)             In the latter case, load this package earlier.
)))
("C:\Program Files\MiKTeX 2.9\tex\generic\oberdiek\pdftexcmds.sty"
Package: pdftexcmds 2018/01/21 v0.26 Utility functions of pdfTeX for LuaTeX (HO
)

("C:\Program Files\MiKTeX 2.9\tex\generic\oberdiek\ifpdf.sty"
Package: ifpdf 2017/03/15 v3.2 Provides the ifpdf switch
)
Package pdftexcmds Info: LuaTeX not detected.
Package pdftexcmds Info: \pdf@primitive is available.
Package pdftexcmds Info: \pdf@ifprimitive is available.
Package pdftexcmds Info: \pdfdraftmode found.
)
Package epstopdf-base Info: Redefining graphics rule for `.eps' on input line 4
38.
Package grfext Info: Graphics extension search list:
(grfext)             [.pdf,.png,.jpg,.mps,.jpeg,.jbig2,.jb2,.PDF,.PNG,.JPG,.JPE
G,.JBIG2,.JB2,.eps]
(grfext)             \AppendGraphicsExtensions on input line 456.
)
\qlist@sec1=\toks26
\qlist@scr@sec1=\toks27
\qlist@sec2=\toks28
\qlist@scr@sec2=\toks29
\qlist@sec3=\toks30
\qlist@scr@sec3=\toks31

Scrambling section 1, question: 
6, 2, 7, 4, 1, 5, 8, 3.
Underfull \hbox (badness 10000) in paragraph at lines 239--239

 []


Underfull \hbox (badness 10000) in paragraph at lines 239--239

 []


Overfull \vbox (13.84778pt too high) has occurred while \output is active []


[1

{C:/Users/tsgot/AppData/Local/MiKTeX/2.9/pdftex/config/pdftex.map}]
<circuit1.png, id=10, 296.10625pt x 164.615pt>
File: circuit1.png Graphic file (type png)
<use circuit1.png>
Package pdftex.def Info: circuit1.png  used on input line 239.
(pdftex.def)             Requested size: 142.26378pt x 79.08965pt.
<circuit2.png, id=12, 236.885pt x 138.5175pt>
File: circuit2.png Graphic file (type png)
<use circuit2.png>
Package pdftex.def Info: circuit2.png  used on input line 239.
(pdftex.def)             Requested size: 142.26378pt x 83.18933pt.
Missing character: There is no Œ in font cmr10!
Missing character: There is no © in font cmr10!
Missing character: There is no Œ in font cmr10!
Missing character: There is no © in font cmr10!
<circuit3.png, id=13, 164.615pt x 138.5175pt>
File: circuit3.png Graphic file (type png)
<use circuit3.png>
Package pdftex.def Info: circuit3.png  used on input line 239.
(pdftex.def)             Requested size: 142.26378pt x 119.7124pt.
Missing character: There is no Œ in font cmr10!
Missing character: There is no © in font cmr10!
Missing character: There is no Œ in font cmr10!
Missing character: There is no © in font cmr10!
Missing character: There is no Œ in font cmr10!
Missing character: There is no © in font cmr10!
Missing character: There is no ‚ in font cmr10!
Missing character: There is no Ä in font cmr10!
Missing character: There is no ú in font cmr10!
Missing character: There is no ‚ in font cmr10!
Missing character: There is no Ä in font cmr10!
Missing character: There is no ù in font cmr10!
 [2 <./circuit1.png> <./circuit2.png>]
<circuit4.png, id=20, 218.8175pt x 118.4425pt>
File: circuit4.png Graphic file (type png)
<use circuit4.png>
Package pdftex.def Info: circuit4.png  used on input line 239.
(pdftex.def)             Requested size: 142.26378pt x 77.00658pt.
<circuit5.png, id=21, 270.00874pt x 170.6375pt>
File: circuit5.png Graphic file (type png)
<use circuit5.png>
Package pdftex.def Info: circuit5.png  used on input line 239.
(pdftex.def)             Requested size: 142.26378pt x 89.90887pt.
Missing character: There is no Œ in font cmr10!
Missing character: There is no © in font cmr10!
<circuit6.png, id=22, 453.695pt x 174.6525pt>
File: circuit6.png Graphic file (type png)
<use circuit6.png>
Package pdftex.def Info: circuit6.png  used on input line 239.
(pdftex.def)             Requested size: 284.52756pt x 109.53064pt.
<circuit7.png, id=23, 634.37pt x 120.45pt>
File: circuit7.png Graphic file (type png)
<use circuit7.png>
Package pdftex.def Info: circuit7.png  used on input line 239.
(pdftex.def)             Requested size: 426.79134pt x 81.03925pt.
 [3 <./circuit3.png> <./circuit4.png> <./circuit5.png> <./circuit6.png>] [4 <./
circuit7.png>]
<c1.png, id=35, 564.60938pt x 380.17032pt>
File: c1.png Graphic file (type png)
<use c1.png>
Package pdftex.def Info: c1.png  used on input line 239.
(pdftex.def)             Requested size: 284.52756pt x 191.58133pt.
 [5 <./c1.png>] [1]
File: circuit1.png Graphic file (type png)
<use circuit1.png>
Package pdftex.def Info: circuit1.png  used on input line 239.
(pdftex.def)             Requested size: 142.26378pt x 79.08965pt.
 [2]
File: circuit2.png Graphic file (type png)
<use circuit2.png>
Package pdftex.def Info: circuit2.png  used on input line 239.
(pdftex.def)             Requested size: 142.26378pt x 83.18933pt.
Missing character: There is no Œ in font cmr10!
Missing character: There is no © in font cmr10!
Missing character: There is no Œ in font cmr10!
Missing character: There is no © in font cmr10!
File: circuit3.png Graphic file (type png)
<use circuit3.png>
Package pdftex.def Info: circuit3.png  used on input line 239.
(pdftex.def)             Requested size: 142.26378pt x 119.7124pt.
Missing character: There is no Œ in font cmr10!
Missing character: There is no © in font cmr10!
Missing character: There is no Œ in font cmr10!
Missing character: There is no © in font cmr10!
Missing character: There is no Œ in font cmr10!
Missing character: There is no © in font cmr10!
Missing character: There is no ‚ in font cmr10!
Missing character: There is no Ä in font cmr10!
Missing character: There is no ú in font cmr10!
Missing character: There is no ‚ in font cmr10!
Missing character: There is no Ä in font cmr10!
Missing character: There is no ù in font cmr10!
File: circuit4.png Graphic file (type png)
<use circuit4.png>
Package pdftex.def Info: circuit4.png  used on input line 239.
(pdftex.def)             Requested size: 142.26378pt x 77.00658pt.
File: circuit5.png Graphic file (type png)
<use circuit5.png>
Package pdftex.def Info: circuit5.png  used on input line 239.
(pdftex.def)             Requested size: 142.26378pt x 89.90887pt.
Missing character: There is no Œ in font cmr10!
Missing character: There is no © in font cmr10!
 [3]
File: circuit6.png Graphic file (type png)
<use circuit6.png>
Package pdftex.def Info: circuit6.png  used on input line 239.
(pdftex.def)             Requested size: 284.52756pt x 109.53064pt.
File: circuit7.png Graphic file (type png)
<use circuit7.png>
Package pdftex.def Info: circuit7.png  used on input line 239.
(pdftex.def)             Requested size: 426.79134pt x 81.03925pt.
 [4]
File: c1.png Graphic file (type png)
<use c1.png>
Package pdftex.def Info: c1.png  used on input line 239.
(pdftex.def)             Requested size: 284.52756pt x 191.58133pt.

[5] (main.aux) ) 
Here is how much of TeX's memory you used:
 2829 strings out of 493305
 38435 string characters out of 3138875
 132587 words of memory out of 3000000
 6350 multiletter control sequences out of 15000+200000
 6398 words of font info for 24 fonts, out of 3000000 for 9000
 1141 hyphenation exceptions out of 8191
 41i,7n,28p,283b,294s stack positions out of 5000i,500n,10000p,200000b,50000s
<C:/Program Files/MiKTeX 2.9/fonts/type1/public/amsfonts/cm/cme
x10.pfb><C:/Program Files/MiKTeX 2.9/fonts/type1/public/amsfonts/cm/cmmi10.pfb>
<C:/Program Files/MiKTeX 2.9/fonts/type1/public/amsfonts/cm/cmmi5.pfb><C:/Progr
am Files/MiKTeX 2.9/fonts/type1/public/amsfonts/cm/cmmi7.pfb><C:/Program Files/
MiKTeX 2.9/fonts/type1/public/amsfonts/cm/cmr10.pfb><C:/Program Files/MiKTeX 2.
9/fonts/type1/public/amsfonts/cm/cmr12.pfb><C:/Program Files/MiKTeX 2.9/fonts/t
ype1/public/amsfonts/cm/cmr17.pfb><C:/Program Files/MiKTeX 2.9/fonts/type1/publ
ic/amsfonts/cm/cmr5.pfb><C:/Program Files/MiKTeX 2.9/fonts/type1/public/amsfont
s/cm/cmr7.pfb><C:/Program Files/MiKTeX 2.9/fonts/type1/public/amsfonts/cm/cmss1
2.pfb><C:/Program Files/MiKTeX 2.9/fonts/type1/public/amsfonts/cm/cmss17.pfb><C
:/Program Files/MiKTeX 2.9/fonts/type1/public/amsfonts/cm/cmsy10.pfb><C:/Progra
m Files/MiKTeX 2.9/fonts/type1/public/amsfonts/cm/cmsy5.pfb><C:/Program Files/M
iKTeX 2.9/fonts/type1/public/amsfonts/cm/cmsy7.pfb>
Output written on main.pdf (10 pages, 428523 bytes).
PDF statistics:
 108 PDF objects out of 1000 (max. 8388607)
 0 named destinations out of 1000 (max. 500000)
 41 words of extra memory for PDF output out of 10000 (max. 10000000)

